<?xml version="1.0" encoding="UTF-8"?>
<robot generator="Robot 3.1.2 (Python 3.7.4 on darwin)" generated="20200418 22:19:10.431" rpa="false">
<suite id="s1" name="Completed" source="/Users/kachamas/Documents/car-type-dialog/testcases/completed.robot">
<test id="s1-t1" name="After click check list, task done should show at completed menu">
<kw name="Open Website" library="common_keywords" type="setup">
<kw name="Open Browser" library="SeleniumLibrary">
<doc>Opens a new browser instance to the optional ``url``.</doc>
<arguments>
<arg>https://abhigyank.github.io/To-Do-List/</arg>
<arg>chrome</arg>
</arguments>
<msg timestamp="20200418 22:19:10.565" level="INFO">Opening browser 'chrome' to base url 'https://abhigyank.github.io/To-Do-List/'.</msg>
<status status="PASS" starttime="20200418 22:19:10.565" endtime="20200418 22:19:14.757"></status>
</kw>
<kw name="Wait Until Element Is Visible" library="SeleniumLibrary">
<doc>Waits until the element ``locator`` is visible.</doc>
<arguments>
<arg>${homePage}[logo]</arg>
</arguments>
<status status="PASS" starttime="20200418 22:19:14.757" endtime="20200418 22:19:14.783"></status>
</kw>
<status status="PASS" starttime="20200418 22:19:10.565" endtime="20200418 22:19:14.783"></status>
</kw>
<kw name="Check text after click checkbox" library="completed_keywords">
<kw name="Check text after added todo list" library="todoTask_keywords">
<kw name="Add todo list" library="addItem_keywords">
<kw name="Wait Until Element Is Visible" library="SeleniumLibrary">
<doc>Waits until the element ``locator`` is visible.</doc>
<arguments>
<arg>${addItem}[txt_field]</arg>
<arg>30</arg>
</arguments>
<status status="PASS" starttime="20200418 22:19:14.784" endtime="20200418 22:19:14.808"></status>
</kw>
<kw name="Input Text" library="SeleniumLibrary">
<doc>Types the given ``text`` into the text field identified by ``locator``.</doc>
<arguments>
<arg>${addItem}[txt_field]</arg>
<arg>do exam</arg>
</arguments>
<msg timestamp="20200418 22:19:14.809" level="INFO">Typing text 'do exam' into text field 'id=new-task'.</msg>
<status status="PASS" starttime="20200418 22:19:14.809" endtime="20200418 22:19:14.939"></status>
</kw>
<kw name="Click Element" library="common_keywords">
<arguments>
<arg>${addItem}[btn_add]</arg>
</arguments>
<kw name="Wait Until Element Is Visible" library="SeleniumLibrary">
<doc>Waits until the element ``locator`` is visible.</doc>
<arguments>
<arg>${locator}</arg>
<arg>timeout=${timeout}</arg>
</arguments>
<status status="PASS" starttime="20200418 22:19:14.940" endtime="20200418 22:19:14.958"></status>
</kw>
<kw name="Click Element" library="SeleniumLibrary">
<doc>Click the element identified by ``locator``.</doc>
<arguments>
<arg>${locator}</arg>
</arguments>
<msg timestamp="20200418 22:19:14.959" level="INFO">Clicking element 'xpath=//button[contains(@class,'mdl-button--mini-fab')]'.</msg>
<status status="PASS" starttime="20200418 22:19:14.958" endtime="20200418 22:19:14.991"></status>
</kw>
<status status="PASS" starttime="20200418 22:19:14.940" endtime="20200418 22:19:14.991"></status>
</kw>
<status status="PASS" starttime="20200418 22:19:14.784" endtime="20200418 22:19:14.991"></status>
</kw>
<kw name="Click Element" library="common_keywords">
<arguments>
<arg>${homePage}[todo_task_menu]</arg>
</arguments>
<kw name="Wait Until Element Is Visible" library="SeleniumLibrary">
<doc>Waits until the element ``locator`` is visible.</doc>
<arguments>
<arg>${locator}</arg>
<arg>timeout=${timeout}</arg>
</arguments>
<status status="PASS" starttime="20200418 22:19:14.991" endtime="20200418 22:19:15.007"></status>
</kw>
<kw name="Click Element" library="SeleniumLibrary">
<doc>Click the element identified by ``locator``.</doc>
<arguments>
<arg>${locator}</arg>
</arguments>
<msg timestamp="20200418 22:19:15.007" level="INFO">Clicking element 'xpath=(//span[contains(@class,'ripple-container')])[2]'.</msg>
<status status="PASS" starttime="20200418 22:19:15.007" endtime="20200418 22:19:15.062"></status>
</kw>
<status status="PASS" starttime="20200418 22:19:14.991" endtime="20200418 22:19:15.062"></status>
</kw>
<kw name="Element Should Contain" library="SeleniumLibrary">
<doc>Verifies that element ``locator`` contains text ``expected``.</doc>
<arguments>
<arg>${todoTask}[txt_task]</arg>
<arg>do exam</arg>
</arguments>
<msg timestamp="20200418 22:19:15.093" level="INFO">Element 'id=text-1' contains text 'do exam'.</msg>
<status status="PASS" starttime="20200418 22:19:15.062" endtime="20200418 22:19:15.093"></status>
</kw>
<status status="PASS" starttime="20200418 22:19:14.783" endtime="20200418 22:19:15.093"></status>
</kw>
<kw name="Click check list" library="todoTask_keywords">
<kw name="Click Element" library="common_keywords">
<arguments>
<arg>${todoTask}[checkbox]</arg>
</arguments>
<kw name="Wait Until Element Is Visible" library="SeleniumLibrary">
<doc>Waits until the element ``locator`` is visible.</doc>
<arguments>
<arg>${locator}</arg>
<arg>timeout=${timeout}</arg>
</arguments>
<status status="PASS" starttime="20200418 22:19:15.094" endtime="20200418 22:19:15.114"></status>
</kw>
<kw name="Click Element" library="SeleniumLibrary">
<doc>Click the element identified by ``locator``.</doc>
<arguments>
<arg>${locator}</arg>
</arguments>
<msg timestamp="20200418 22:19:15.115" level="INFO">Clicking element 'xpath=//span[@class="mdl-checkbox__ripple-container mdl-js-ripple-effect mdl-ripple--center"]'.</msg>
<status status="PASS" starttime="20200418 22:19:15.115" endtime="20200418 22:19:15.161"></status>
</kw>
<status status="PASS" starttime="20200418 22:19:15.093" endtime="20200418 22:19:15.161"></status>
</kw>
<kw name="Element Should Not Be Visible" library="SeleniumLibrary">
<doc>Verifies that the element identified by ``locator`` is NOT visible.</doc>
<arguments>
<arg>${todoTask}[txt_task]</arg>
<arg>do exam</arg>
</arguments>
<msg timestamp="20200418 22:19:15.166" level="INFO">Element 'id=text-1' did not exist.</msg>
<status status="PASS" starttime="20200418 22:19:15.161" endtime="20200418 22:19:15.166"></status>
</kw>
<status status="PASS" starttime="20200418 22:19:15.093" endtime="20200418 22:19:15.166"></status>
</kw>
<kw name="Click Element" library="common_keywords">
<arguments>
<arg>${homePage}[completed_menu]</arg>
</arguments>
<kw name="Wait Until Element Is Visible" library="SeleniumLibrary">
<doc>Waits until the element ``locator`` is visible.</doc>
<arguments>
<arg>${locator}</arg>
<arg>timeout=${timeout}</arg>
</arguments>
<status status="PASS" starttime="20200418 22:19:15.166" endtime="20200418 22:19:15.184"></status>
</kw>
<kw name="Click Element" library="SeleniumLibrary">
<doc>Click the element identified by ``locator``.</doc>
<arguments>
<arg>${locator}</arg>
</arguments>
<msg timestamp="20200418 22:19:15.184" level="INFO">Clicking element 'xpath=(//span[contains(@class,'ripple-container')])[3]'.</msg>
<status status="PASS" starttime="20200418 22:19:15.184" endtime="20200418 22:19:15.228"></status>
</kw>
<status status="PASS" starttime="20200418 22:19:15.166" endtime="20200418 22:19:15.229"></status>
</kw>
<kw name="Element Should Contain" library="SeleniumLibrary">
<doc>Verifies that element ``locator`` contains text ``expected``.</doc>
<arguments>
<arg>${completed}[txt_done]</arg>
<arg>do exam</arg>
</arguments>
<msg timestamp="20200418 22:19:15.262" level="INFO">Element 'id=completed-tasks' contains text 'do exam'.</msg>
<status status="PASS" starttime="20200418 22:19:15.229" endtime="20200418 22:19:15.262"></status>
</kw>
<status status="PASS" starttime="20200418 22:19:14.783" endtime="20200418 22:19:15.262"></status>
</kw>
<status status="PASS" starttime="20200418 22:19:10.564" endtime="20200418 22:19:15.263" critical="yes"></status>
</test>
<test id="s1-t2" name="Clickable delete button for delete task done">
<kw name="Log To Console" library="BuiltIn" type="setup">
<doc>Logs the given message to the console.</doc>
<arguments>
<arg>continue above</arg>
</arguments>
<status status="PASS" starttime="20200418 22:19:15.264" endtime="20200418 22:19:15.264"></status>
</kw>
<kw name="Click delete button" library="completed_keywords">
<kw name="Click Element" library="common_keywords">
<arguments>
<arg>${completed}[btn_delete]</arg>
</arguments>
<kw name="Wait Until Element Is Visible" library="SeleniumLibrary">
<doc>Waits until the element ``locator`` is visible.</doc>
<arguments>
<arg>${locator}</arg>
<arg>timeout=${timeout}</arg>
</arguments>
<status status="PASS" starttime="20200418 22:19:15.266" endtime="20200418 22:19:15.295"></status>
</kw>
<kw name="Click Element" library="SeleniumLibrary">
<doc>Click the element identified by ``locator``.</doc>
<arguments>
<arg>${locator}</arg>
</arguments>
<msg timestamp="20200418 22:19:15.295" level="INFO">Clicking element 'id=1'.</msg>
<status status="PASS" starttime="20200418 22:19:15.295" endtime="20200418 22:19:15.341"></status>
</kw>
<status status="PASS" starttime="20200418 22:19:15.265" endtime="20200418 22:19:15.341"></status>
</kw>
<kw name="Element Text Should Not Be" library="SeleniumLibrary">
<doc>Verifies that element ``locator`` does not contain exact the text ``not_expected``.</doc>
<arguments>
<arg>${completed}[txt_done]</arg>
<arg>do exam</arg>
</arguments>
<msg timestamp="20200418 22:19:15.342" level="INFO">Verifying element 'id=completed-tasks' does not contain exact text 'do exam'.</msg>
<status status="PASS" starttime="20200418 22:19:15.341" endtime="20200418 22:19:15.350"></status>
</kw>
<status status="PASS" starttime="20200418 22:19:15.265" endtime="20200418 22:19:15.350"></status>
</kw>
<kw name="Close All Browsers" library="SeleniumLibrary">
<doc>Closes all open browsers and resets the browser cache.</doc>
<status status="PASS" starttime="20200418 22:19:15.351" endtime="20200418 22:19:15.430"></status>
</kw>
<status status="PASS" starttime="20200418 22:19:15.263" endtime="20200418 22:19:15.430" critical="yes"></status>
</test>
<kw name="Close Browser" library="SeleniumLibrary" type="teardown">
<doc>Closes the current browser.</doc>
<status status="PASS" starttime="20200418 22:19:15.431" endtime="20200418 22:19:15.431"></status>
</kw>
<status status="PASS" starttime="20200418 22:19:10.432" endtime="20200418 22:19:15.431"></status>
</suite>
<statistics>
<total>
<stat pass="2" fail="0">Critical Tests</stat>
<stat pass="2" fail="0">All Tests</stat>
</total>
<tag>
</tag>
<suite>
<stat pass="2" fail="0" id="s1" name="Completed">Completed</stat>
</suite>
</statistics>
<errors>
</errors>
</robot>
