<?xml version="1.0" encoding="UTF-8"?>
<robot generator="Robot 3.1.2 (Python 3.7.4 on darwin)" generated="20200308 15:28:33.219" rpa="false">
<suite id="s1" name="carTypeDialog" source="/Users/kachamas/Documents/car type dialog/testcases/carTypeDialog.robot">
<test id="s1-t1" name="There are 5 car type for filtered">
<kw name="Open Website" library="common_keywords" type="setup">
<kw name="Open Browser" library="SeleniumLibrary">
<doc>Opens a new browser instance to the optional ``url``.</doc>
<arguments>
<arg>https://insurance.tescolotusmoney.com/</arg>
<arg>chrome</arg>
</arguments>
<msg timestamp="20200308 15:28:33.452" level="INFO">Opening browser 'chrome' to base url 'https://insurance.tescolotusmoney.com/'.</msg>
<status status="PASS" starttime="20200308 15:28:33.451" endtime="20200308 15:28:40.856"></status>
</kw>
<kw name="Wait Until Element Is Visible" library="SeleniumLibrary">
<doc>Waits until the element ``locator`` is visible.</doc>
<arguments>
<arg>${logo}</arg>
</arguments>
<status status="PASS" starttime="20200308 15:28:40.857" endtime="20200308 15:28:40.897"></status>
</kw>
<status status="PASS" starttime="20200308 15:28:33.451" endtime="20200308 15:28:40.898"></status>
</kw>
<kw name="Open car type dialog by click dropdown" library="carTypeDialog_keywords">
<kw name="Element Should Be Visible" library="SeleniumLibrary">
<doc>Verifies that the element identified by ``locator`` is visible.</doc>
<arguments>
<arg>${car_type_dropdown}</arg>
</arguments>
<msg timestamp="20200308 15:28:40.937" level="INFO">Element 'id=car_type_selecter_desktop' is displayed.</msg>
<status status="PASS" starttime="20200308 15:28:40.899" endtime="20200308 15:28:40.938"></status>
</kw>
<kw name="Click Element" library="SeleniumLibrary">
<doc>Click the element identified by ``locator``.</doc>
<arguments>
<arg>${car_type_dropdown}</arg>
</arguments>
<msg timestamp="20200308 15:28:40.938" level="INFO">Clicking element 'id=car_type_selecter_desktop'.</msg>
<status status="PASS" starttime="20200308 15:28:40.938" endtime="20200308 15:28:41.122"></status>
</kw>
<kw name="Wait Until Element Is Visible" library="SeleniumLibrary">
<doc>Waits until the element ``locator`` is visible.</doc>
<arguments>
<arg>${txt_wht_your_car_type}</arg>
<arg>30</arg>
</arguments>
<status status="PASS" starttime="20200308 15:28:41.122" endtime="20200308 15:28:41.406"></status>
</kw>
<status status="PASS" starttime="20200308 15:28:40.898" endtime="20200308 15:28:41.406"></status>
</kw>
<kw name="Verify 5 car types" library="carTypeDialog_keywords">
<kw name="Create List" library="BuiltIn">
<doc>Returns a list containing given items.</doc>
<arguments>
<arg>${sedan_car}</arg>
<arg>${2door_pickup_truck}</arg>
<arg>${4door_pickup_truck}</arg>
<arg>${van_car}</arg>
<arg>${other_car}</arg>
</arguments>
<assign>
<var>@{type}</var>
</assign>
<msg timestamp="20200308 15:28:41.408" level="INFO">@{type} = [ xpath=(//div[@class="modal__cartype__button--container"])[6] | xpath=(//div[@class="modal__cartype__button--container"])[7] | xpath=(//div[@class="modal__cartype__button--container"])[8] | xpath=(//...</msg>
<status status="PASS" starttime="20200308 15:28:41.407" endtime="20200308 15:28:41.408"></status>
</kw>
<kw name="${nameCar} IN [ @{type} ]" type="for">
<kw name="${nameCar} = xpath=(//div[@class=&quot;modal__cartype__button--container&quot;])[6]" type="foritem">
<kw name="Log" library="BuiltIn">
<doc>Logs the given message with the given level.</doc>
<arguments>
<arg>${nameCar}</arg>
</arguments>
<msg timestamp="20200308 15:28:41.410" level="INFO">xpath=(//div[@class="modal__cartype__button--container"])[6]</msg>
<status status="PASS" starttime="20200308 15:28:41.409" endtime="20200308 15:28:41.410"></status>
</kw>
<kw name="Element Should Be Visible" library="SeleniumLibrary">
<doc>Verifies that the element identified by ``locator`` is visible.</doc>
<arguments>
<arg>${nameCar}</arg>
<arg>30</arg>
</arguments>
<assign>
<var>${nameCar}</var>
</assign>
<msg timestamp="20200308 15:28:41.440" level="INFO">Element 'xpath=(//div[@class="modal__cartype__button--container"])[6]' is displayed.</msg>
<msg timestamp="20200308 15:28:41.440" level="INFO">${nameCar} = None</msg>
<status status="PASS" starttime="20200308 15:28:41.410" endtime="20200308 15:28:41.440"></status>
</kw>
<status status="PASS" starttime="20200308 15:28:41.409" endtime="20200308 15:28:41.440"></status>
</kw>
<kw name="${nameCar} = xpath=(//div[@class=&quot;modal__cartype__button--container&quot;])[7]" type="foritem">
<kw name="Log" library="BuiltIn">
<doc>Logs the given message with the given level.</doc>
<arguments>
<arg>${nameCar}</arg>
</arguments>
<msg timestamp="20200308 15:28:41.441" level="INFO">xpath=(//div[@class="modal__cartype__button--container"])[7]</msg>
<status status="PASS" starttime="20200308 15:28:41.441" endtime="20200308 15:28:41.441"></status>
</kw>
<kw name="Element Should Be Visible" library="SeleniumLibrary">
<doc>Verifies that the element identified by ``locator`` is visible.</doc>
<arguments>
<arg>${nameCar}</arg>
<arg>30</arg>
</arguments>
<assign>
<var>${nameCar}</var>
</assign>
<msg timestamp="20200308 15:28:41.480" level="INFO">Element 'xpath=(//div[@class="modal__cartype__button--container"])[7]' is displayed.</msg>
<msg timestamp="20200308 15:28:41.481" level="INFO">${nameCar} = None</msg>
<status status="PASS" starttime="20200308 15:28:41.441" endtime="20200308 15:28:41.481"></status>
</kw>
<status status="PASS" starttime="20200308 15:28:41.440" endtime="20200308 15:28:41.481"></status>
</kw>
<kw name="${nameCar} = xpath=(//div[@class=&quot;modal__cartype__button--container&quot;])[8]" type="foritem">
<kw name="Log" library="BuiltIn">
<doc>Logs the given message with the given level.</doc>
<arguments>
<arg>${nameCar}</arg>
</arguments>
<msg timestamp="20200308 15:28:41.482" level="INFO">xpath=(//div[@class="modal__cartype__button--container"])[8]</msg>
<status status="PASS" starttime="20200308 15:28:41.481" endtime="20200308 15:28:41.482"></status>
</kw>
<kw name="Element Should Be Visible" library="SeleniumLibrary">
<doc>Verifies that the element identified by ``locator`` is visible.</doc>
<arguments>
<arg>${nameCar}</arg>
<arg>30</arg>
</arguments>
<assign>
<var>${nameCar}</var>
</assign>
<msg timestamp="20200308 15:28:41.508" level="INFO">Element 'xpath=(//div[@class="modal__cartype__button--container"])[8]' is displayed.</msg>
<msg timestamp="20200308 15:28:41.509" level="INFO">${nameCar} = None</msg>
<status status="PASS" starttime="20200308 15:28:41.482" endtime="20200308 15:28:41.509"></status>
</kw>
<status status="PASS" starttime="20200308 15:28:41.481" endtime="20200308 15:28:41.509"></status>
</kw>
<kw name="${nameCar} = xpath=(//div[@class=&quot;modal__cartype__button--container&quot;])[9]" type="foritem">
<kw name="Log" library="BuiltIn">
<doc>Logs the given message with the given level.</doc>
<arguments>
<arg>${nameCar}</arg>
</arguments>
<msg timestamp="20200308 15:28:41.510" level="INFO">xpath=(//div[@class="modal__cartype__button--container"])[9]</msg>
<status status="PASS" starttime="20200308 15:28:41.510" endtime="20200308 15:28:41.510"></status>
</kw>
<kw name="Element Should Be Visible" library="SeleniumLibrary">
<doc>Verifies that the element identified by ``locator`` is visible.</doc>
<arguments>
<arg>${nameCar}</arg>
<arg>30</arg>
</arguments>
<assign>
<var>${nameCar}</var>
</assign>
<msg timestamp="20200308 15:28:41.538" level="INFO">Element 'xpath=(//div[@class="modal__cartype__button--container"])[9]' is displayed.</msg>
<msg timestamp="20200308 15:28:41.539" level="INFO">${nameCar} = None</msg>
<status status="PASS" starttime="20200308 15:28:41.510" endtime="20200308 15:28:41.539"></status>
</kw>
<status status="PASS" starttime="20200308 15:28:41.509" endtime="20200308 15:28:41.539"></status>
</kw>
<kw name="${nameCar} = xpath=(//div[@class=&quot;modal__cartype__button--container&quot;])[10]" type="foritem">
<kw name="Log" library="BuiltIn">
<doc>Logs the given message with the given level.</doc>
<arguments>
<arg>${nameCar}</arg>
</arguments>
<msg timestamp="20200308 15:28:41.539" level="INFO">xpath=(//div[@class="modal__cartype__button--container"])[10]</msg>
<status status="PASS" starttime="20200308 15:28:41.539" endtime="20200308 15:28:41.540"></status>
</kw>
<kw name="Element Should Be Visible" library="SeleniumLibrary">
<doc>Verifies that the element identified by ``locator`` is visible.</doc>
<arguments>
<arg>${nameCar}</arg>
<arg>30</arg>
</arguments>
<assign>
<var>${nameCar}</var>
</assign>
<msg timestamp="20200308 15:28:41.568" level="INFO">Element 'xpath=(//div[@class="modal__cartype__button--container"])[10]' is displayed.</msg>
<msg timestamp="20200308 15:28:41.569" level="INFO">${nameCar} = None</msg>
<status status="PASS" starttime="20200308 15:28:41.540" endtime="20200308 15:28:41.569"></status>
</kw>
<status status="PASS" starttime="20200308 15:28:41.539" endtime="20200308 15:28:41.569"></status>
</kw>
<status status="PASS" starttime="20200308 15:28:41.408" endtime="20200308 15:28:41.569"></status>
</kw>
<status status="PASS" starttime="20200308 15:28:41.406" endtime="20200308 15:28:41.569"></status>
</kw>
<kw name="Close Browser" library="SeleniumLibrary" type="teardown">
<doc>Closes the current browser.</doc>
<status status="PASS" starttime="20200308 15:28:41.570" endtime="20200308 15:28:41.704"></status>
</kw>
<status status="PASS" starttime="20200308 15:28:33.450" endtime="20200308 15:28:41.704" critical="yes"></status>
</test>
<test id="s1-t2" name="Show car type dialog by click check insurance premium button">
<kw name="Open Website" library="common_keywords" type="setup">
<kw name="Open Browser" library="SeleniumLibrary">
<doc>Opens a new browser instance to the optional ``url``.</doc>
<arguments>
<arg>https://insurance.tescolotusmoney.com/</arg>
<arg>chrome</arg>
</arguments>
<msg timestamp="20200308 15:28:41.708" level="INFO">Opening browser 'chrome' to base url 'https://insurance.tescolotusmoney.com/'.</msg>
<status status="PASS" starttime="20200308 15:28:41.708" endtime="20200308 15:28:47.561"></status>
</kw>
<kw name="Wait Until Element Is Visible" library="SeleniumLibrary">
<doc>Waits until the element ``locator`` is visible.</doc>
<arguments>
<arg>${logo}</arg>
</arguments>
<status status="PASS" starttime="20200308 15:28:47.562" endtime="20200308 15:28:47.603"></status>
</kw>
<status status="PASS" starttime="20200308 15:28:41.707" endtime="20200308 15:28:47.604"></status>
</kw>
<kw name="Open car type dialog by click insurance button" library="carTypeDialog_keywords">
<kw name="Element Should Be Visible" library="SeleniumLibrary">
<doc>Verifies that the element identified by ``locator`` is visible.</doc>
<arguments>
<arg>${btn_check_isr}</arg>
</arguments>
<msg timestamp="20200308 15:28:47.649" level="INFO">Element 'id=check_price_auto_btn_desktop' is displayed.</msg>
<status status="PASS" starttime="20200308 15:28:47.605" endtime="20200308 15:28:47.649"></status>
</kw>
<kw name="Click Element" library="SeleniumLibrary">
<doc>Click the element identified by ``locator``.</doc>
<arguments>
<arg>${btn_check_isr}</arg>
</arguments>
<msg timestamp="20200308 15:28:47.650" level="INFO">Clicking element 'id=check_price_auto_btn_desktop'.</msg>
<status status="PASS" starttime="20200308 15:28:47.649" endtime="20200308 15:28:47.973"></status>
</kw>
<kw name="Wait Until Element Is Visible" library="SeleniumLibrary">
<doc>Waits until the element ``locator`` is visible.</doc>
<arguments>
<arg>${txt_wht_your_car_type}</arg>
<arg>30</arg>
</arguments>
<status status="PASS" starttime="20200308 15:28:47.974" endtime="20200308 15:28:48.031"></status>
</kw>
<status status="PASS" starttime="20200308 15:28:47.604" endtime="20200308 15:28:48.031"></status>
</kw>
<kw name="Close Browser" library="SeleniumLibrary" type="teardown">
<doc>Closes the current browser.</doc>
<status status="PASS" starttime="20200308 15:28:48.032" endtime="20200308 15:28:48.192"></status>
</kw>
<status status="PASS" starttime="20200308 15:28:41.705" endtime="20200308 15:28:48.192" critical="yes"></status>
</test>
<test id="s1-t3" name="Show car type dialog by click car type dropdown at filter">
<kw name="Open Website" library="common_keywords" type="setup">
<kw name="Open Browser" library="SeleniumLibrary">
<doc>Opens a new browser instance to the optional ``url``.</doc>
<arguments>
<arg>https://insurance.tescolotusmoney.com/</arg>
<arg>chrome</arg>
</arguments>
<msg timestamp="20200308 15:28:48.195" level="INFO">Opening browser 'chrome' to base url 'https://insurance.tescolotusmoney.com/'.</msg>
<status status="PASS" starttime="20200308 15:28:48.194" endtime="20200308 15:28:56.044"></status>
</kw>
<kw name="Wait Until Element Is Visible" library="SeleniumLibrary">
<doc>Waits until the element ``locator`` is visible.</doc>
<arguments>
<arg>${logo}</arg>
</arguments>
<status status="PASS" starttime="20200308 15:28:56.044" endtime="20200308 15:28:56.084"></status>
</kw>
<status status="PASS" starttime="20200308 15:28:48.194" endtime="20200308 15:28:56.084"></status>
</kw>
<kw name="Open car type dialog by click dropdown" library="carTypeDialog_keywords">
<kw name="Element Should Be Visible" library="SeleniumLibrary">
<doc>Verifies that the element identified by ``locator`` is visible.</doc>
<arguments>
<arg>${car_type_dropdown}</arg>
</arguments>
<msg timestamp="20200308 15:28:56.154" level="INFO">Element 'id=car_type_selecter_desktop' is displayed.</msg>
<status status="PASS" starttime="20200308 15:28:56.085" endtime="20200308 15:28:56.154"></status>
</kw>
<kw name="Click Element" library="SeleniumLibrary">
<doc>Click the element identified by ``locator``.</doc>
<arguments>
<arg>${car_type_dropdown}</arg>
</arguments>
<msg timestamp="20200308 15:28:56.155" level="INFO">Clicking element 'id=car_type_selecter_desktop'.</msg>
<status status="PASS" starttime="20200308 15:28:56.155" endtime="20200308 15:28:56.499"></status>
</kw>
<kw name="Wait Until Element Is Visible" library="SeleniumLibrary">
<doc>Waits until the element ``locator`` is visible.</doc>
<arguments>
<arg>${txt_wht_your_car_type}</arg>
<arg>30</arg>
</arguments>
<status status="PASS" starttime="20200308 15:28:56.499" endtime="20200308 15:28:56.757"></status>
</kw>
<status status="PASS" starttime="20200308 15:28:56.084" endtime="20200308 15:28:56.757"></status>
</kw>
<kw name="Close Browser" library="SeleniumLibrary" type="teardown">
<doc>Closes the current browser.</doc>
<status status="PASS" starttime="20200308 15:28:56.758" endtime="20200308 15:28:56.901"></status>
</kw>
<status status="PASS" starttime="20200308 15:28:48.193" endtime="20200308 15:28:56.902" critical="yes"></status>
</test>
<test id="s1-t4" name="Show name of car type at progress bar after select car type">
<kw name="Open Website" library="common_keywords" type="setup">
<kw name="Open Browser" library="SeleniumLibrary">
<doc>Opens a new browser instance to the optional ``url``.</doc>
<arguments>
<arg>https://insurance.tescolotusmoney.com/</arg>
<arg>chrome</arg>
</arguments>
<msg timestamp="20200308 15:28:56.904" level="INFO">Opening browser 'chrome' to base url 'https://insurance.tescolotusmoney.com/'.</msg>
<status status="PASS" starttime="20200308 15:28:56.904" endtime="20200308 15:29:02.842"></status>
</kw>
<kw name="Wait Until Element Is Visible" library="SeleniumLibrary">
<doc>Waits until the element ``locator`` is visible.</doc>
<arguments>
<arg>${logo}</arg>
</arguments>
<status status="PASS" starttime="20200308 15:29:02.842" endtime="20200308 15:29:02.891"></status>
</kw>
<status status="PASS" starttime="20200308 15:28:56.903" endtime="20200308 15:29:02.891"></status>
</kw>
<kw name="Open car type dialog by click dropdown" library="carTypeDialog_keywords">
<kw name="Element Should Be Visible" library="SeleniumLibrary">
<doc>Verifies that the element identified by ``locator`` is visible.</doc>
<arguments>
<arg>${car_type_dropdown}</arg>
</arguments>
<msg timestamp="20200308 15:29:02.928" level="INFO">Element 'id=car_type_selecter_desktop' is displayed.</msg>
<status status="PASS" starttime="20200308 15:29:02.893" endtime="20200308 15:29:02.929"></status>
</kw>
<kw name="Click Element" library="SeleniumLibrary">
<doc>Click the element identified by ``locator``.</doc>
<arguments>
<arg>${car_type_dropdown}</arg>
</arguments>
<msg timestamp="20200308 15:29:02.930" level="INFO">Clicking element 'id=car_type_selecter_desktop'.</msg>
<status status="PASS" starttime="20200308 15:29:02.929" endtime="20200308 15:29:03.154"></status>
</kw>
<kw name="Wait Until Element Is Visible" library="SeleniumLibrary">
<doc>Waits until the element ``locator`` is visible.</doc>
<arguments>
<arg>${txt_wht_your_car_type}</arg>
<arg>30</arg>
</arguments>
<status status="PASS" starttime="20200308 15:29:03.154" endtime="20200308 15:29:03.437"></status>
</kw>
<status status="PASS" starttime="20200308 15:29:02.892" endtime="20200308 15:29:03.438"></status>
</kw>
<kw name="Verify name of each car type" library="carTypeDialog_keywords">
<kw name="Select sedan car" library="carTypeDialog_keywords">
<kw name="Click Element" library="SeleniumLibrary">
<doc>Click the element identified by ``locator``.</doc>
<arguments>
<arg>${sedan_car}</arg>
</arguments>
<msg timestamp="20200308 15:29:03.439" level="INFO">Clicking element 'xpath=(//div[@class="modal__cartype__button--container"])[6]'.</msg>
<status status="PASS" starttime="20200308 15:29:03.439" endtime="20200308 15:29:03.575"></status>
</kw>
<kw name="Element Should Be Visible" library="SeleniumLibrary">
<doc>Verifies that the element identified by ``locator`` is visible.</doc>
<arguments>
<arg>${txt_sedan_car_under_bar}</arg>
</arguments>
<msg timestamp="20200308 15:29:03.611" level="INFO">Element 'xpath=(//p[text()='รถเก๋ง'])[1]' is displayed.</msg>
<status status="PASS" starttime="20200308 15:29:03.575" endtime="20200308 15:29:03.612"></status>
</kw>
<kw name="Click Element" library="SeleniumLibrary">
<doc>Click the element identified by ``locator``.</doc>
<arguments>
<arg>${progress_bar_car_type}</arg>
</arguments>
<msg timestamp="20200308 15:29:03.613" level="INFO">Clicking element 'xpath=(//ul[@id="desktop__dialog__ul__li"]//li[contains(@class,'desktop__dialog__step--li--default')])[1]'.</msg>
<status status="PASS" starttime="20200308 15:29:03.612" endtime="20200308 15:29:03.760"></status>
</kw>
<status status="PASS" starttime="20200308 15:29:03.438" endtime="20200308 15:29:03.761"></status>
</kw>
<kw name="Select 2door pickup truck" library="carTypeDialog_keywords">
<kw name="Click Element" library="SeleniumLibrary">
<doc>Click the element identified by ``locator``.</doc>
<arguments>
<arg>${2door_pickup_truck}</arg>
</arguments>
<msg timestamp="20200308 15:29:03.763" level="INFO">Clicking element 'xpath=(//div[@class="modal__cartype__button--container"])[7]'.</msg>
<status status="PASS" starttime="20200308 15:29:03.762" endtime="20200308 15:29:03.889"></status>
</kw>
<kw name="Element Should Be Visible" library="SeleniumLibrary">
<doc>Verifies that the element identified by ``locator`` is visible.</doc>
<arguments>
<arg>${txt_2door_pickup_truck_under_bar}</arg>
</arguments>
<msg timestamp="20200308 15:29:03.924" level="INFO">Element 'xpath=(//p[text()='รถกระบะ 2 ประตู'])[1]' is displayed.</msg>
<status status="PASS" starttime="20200308 15:29:03.890" endtime="20200308 15:29:03.924"></status>
</kw>
<kw name="Click Element" library="SeleniumLibrary">
<doc>Click the element identified by ``locator``.</doc>
<arguments>
<arg>${progress_bar_car_type}</arg>
</arguments>
<msg timestamp="20200308 15:29:03.925" level="INFO">Clicking element 'xpath=(//ul[@id="desktop__dialog__ul__li"]//li[contains(@class,'desktop__dialog__step--li--default')])[1]'.</msg>
<status status="PASS" starttime="20200308 15:29:03.924" endtime="20200308 15:29:04.033"></status>
</kw>
<status status="PASS" starttime="20200308 15:29:03.761" endtime="20200308 15:29:04.034"></status>
</kw>
<kw name="Select 4door pickup truck" library="carTypeDialog_keywords">
<kw name="Click Element" library="SeleniumLibrary">
<doc>Click the element identified by ``locator``.</doc>
<arguments>
<arg>${4door_pickup_truck}</arg>
</arguments>
<msg timestamp="20200308 15:29:04.035" level="INFO">Clicking element 'xpath=(//div[@class="modal__cartype__button--container"])[8]'.</msg>
<status status="PASS" starttime="20200308 15:29:04.035" endtime="20200308 15:29:04.133"></status>
</kw>
<kw name="Element Should Be Visible" library="SeleniumLibrary">
<doc>Verifies that the element identified by ``locator`` is visible.</doc>
<arguments>
<arg>${txt_4door_pickup_truck_under_bar}</arg>
</arguments>
<msg timestamp="20200308 15:29:04.172" level="INFO">Element 'xpath=(//p[text()='รถกระบะ 4 ประตู'])[1]' is displayed.</msg>
<status status="PASS" starttime="20200308 15:29:04.133" endtime="20200308 15:29:04.172"></status>
</kw>
<kw name="Click Element" library="SeleniumLibrary">
<doc>Click the element identified by ``locator``.</doc>
<arguments>
<arg>${progress_bar_car_type}</arg>
</arguments>
<msg timestamp="20200308 15:29:04.173" level="INFO">Clicking element 'xpath=(//ul[@id="desktop__dialog__ul__li"]//li[contains(@class,'desktop__dialog__step--li--default')])[1]'.</msg>
<status status="PASS" starttime="20200308 15:29:04.173" endtime="20200308 15:29:04.260"></status>
</kw>
<status status="PASS" starttime="20200308 15:29:04.034" endtime="20200308 15:29:04.260"></status>
</kw>
<kw name="Select van car" library="carTypeDialog_keywords">
<kw name="Click Element" library="SeleniumLibrary">
<doc>Click the element identified by ``locator``.</doc>
<arguments>
<arg>${van_car}</arg>
</arguments>
<msg timestamp="20200308 15:29:04.261" level="INFO">Clicking element 'xpath=(//div[@class="modal__cartype__button--container"])[9]'.</msg>
<status status="PASS" starttime="20200308 15:29:04.261" endtime="20200308 15:29:04.389"></status>
</kw>
<kw name="Element Should Be Visible" library="SeleniumLibrary">
<doc>Verifies that the element identified by ``locator`` is visible.</doc>
<arguments>
<arg>${txt_van_car_under_bar}</arg>
</arguments>
<msg timestamp="20200308 15:29:04.424" level="INFO">Element 'xpath=(//p[text()='รถตู้'])[1]' is displayed.</msg>
<status status="PASS" starttime="20200308 15:29:04.389" endtime="20200308 15:29:04.425"></status>
</kw>
<kw name="Click Element" library="SeleniumLibrary">
<doc>Click the element identified by ``locator``.</doc>
<arguments>
<arg>${progress_bar_car_type}</arg>
</arguments>
<msg timestamp="20200308 15:29:04.425" level="INFO">Clicking element 'xpath=(//ul[@id="desktop__dialog__ul__li"]//li[contains(@class,'desktop__dialog__step--li--default')])[1]'.</msg>
<status status="PASS" starttime="20200308 15:29:04.425" endtime="20200308 15:29:04.535"></status>
</kw>
<status status="PASS" starttime="20200308 15:29:04.260" endtime="20200308 15:29:04.536"></status>
</kw>
<kw name="Select other car" library="carTypeDialog_keywords">
<kw name="Click Element" library="SeleniumLibrary">
<doc>Click the element identified by ``locator``.</doc>
<arguments>
<arg>${other_car}</arg>
</arguments>
<msg timestamp="20200308 15:29:04.538" level="INFO">Clicking element 'xpath=(//div[@class="modal__cartype__button--container"])[10]'.</msg>
<status status="PASS" starttime="20200308 15:29:04.537" endtime="20200308 15:29:04.633"></status>
</kw>
<kw name="Element Should Be Visible" library="SeleniumLibrary">
<doc>Verifies that the element identified by ``locator`` is visible.</doc>
<arguments>
<arg>${txt_other_car_under_bar}</arg>
</arguments>
<msg timestamp="20200308 15:29:04.668" level="INFO">Element 'xpath=(//p[text()='รถอเนกประสงค์'])[1]' is displayed.</msg>
<status status="PASS" starttime="20200308 15:29:04.633" endtime="20200308 15:29:04.669"></status>
</kw>
<kw name="Click Element" library="SeleniumLibrary">
<doc>Click the element identified by ``locator``.</doc>
<arguments>
<arg>${progress_bar_car_type}</arg>
</arguments>
<msg timestamp="20200308 15:29:04.669" level="INFO">Clicking element 'xpath=(//ul[@id="desktop__dialog__ul__li"]//li[contains(@class,'desktop__dialog__step--li--default')])[1]'.</msg>
<status status="PASS" starttime="20200308 15:29:04.669" endtime="20200308 15:29:04.769"></status>
</kw>
<status status="PASS" starttime="20200308 15:29:04.536" endtime="20200308 15:29:04.770"></status>
</kw>
<status status="PASS" starttime="20200308 15:29:03.438" endtime="20200308 15:29:04.770"></status>
</kw>
<kw name="Close Browser" library="SeleniumLibrary" type="teardown">
<doc>Closes the current browser.</doc>
<status status="PASS" starttime="20200308 15:29:04.770" endtime="20200308 15:29:04.929"></status>
</kw>
<status status="PASS" starttime="20200308 15:28:56.902" endtime="20200308 15:29:04.930" critical="yes"></status>
</test>
<status status="PASS" starttime="20200308 15:28:33.220" endtime="20200308 15:29:04.933"></status>
</suite>
<statistics>
<total>
<stat pass="4" fail="0">Critical Tests</stat>
<stat pass="4" fail="0">All Tests</stat>
</total>
<tag>
</tag>
<suite>
<stat pass="4" fail="0" id="s1" name="carTypeDialog">carTypeDialog</stat>
</suite>
</statistics>
<errors>
</errors>
</robot>
